<?xml version="1.0" encoding="UTF-8"?>
<!-- Generated by org.testng.reporters.JUnitXMLReporter -->
<testsuite ignored="0" hostname="ATMECSINLT-087" failures="1" tests="6" name="Test" time="12.404" errors="0" timestamp="08 Nov 2019 12:35:28 GMT">
  <testcase classname="com.tutorialsninja.TutorialsninjaAutomation.testscripts.HeatClinicFuctionalityTesting" name="headerRedirectionValidation" time="0.778">
    <failure type="java.lang.AssertionError" message="expected [10.10.10.232:8080] but found []">
      <![CDATA[java.lang.AssertionError: expected [10.10.10.232:8080] but found []
at com.tutorialsninja.TutorialsninjaAutomation.pages.TutorialsNinjaValidation.assertion(TutorialsNinjaValidation.java:38)
at com.tutorialsninja.TutorialsninjaAutomation.pages.TutorialsNinjaValidation.pageRedirection(TutorialsNinjaValidation.java:32)
at com.tutorialsninja.TutorialsninjaAutomation.testscripts.HeatClinicFuctionalityTesting.headerRedirectionValidation(HeatClinicFuctionalityTesting.java:48)
... Removed 31 stack frames]]>
    </failure>
  </testcase> <!-- headerRedirectionValidation -->
  <testcase classname="com.tutorialsninja.TutorialsninjaAutomation.testscripts.HeatClinicFuctionalityTesting" name="headerRedirectionValidation" time="1.181"/>
  <testcase classname="com.tutorialsninja.TutorialsninjaAutomation.testscripts.HeatClinicFuctionalityTesting" name="headerRedirectionValidation" time="1.01"/>
  <testcase classname="com.tutorialsninja.TutorialsninjaAutomation.testscripts.HeatClinicFuctionalityTesting" name="headerRedirectionValidation" time="0.868"/>
  <testcase classname="com.tutorialsninja.TutorialsninjaAutomation.testscripts.HeatClinicFuctionalityTesting" name="headerRedirectionValidation" time="0.801"/>
  <testcase classname="com.tutorialsninja.TutorialsninjaAutomation.testscripts.HeatClinicFuctionalityTesting" name="headerRedirectionValidation" time="0.713"/>
</testsuite> <!-- Test -->
