<?xml version="1.0" encoding="UTF-8"?>
<!-- Generated by org.testng.reporters.JUnitXMLReporter -->
<testsuite ignored="0" hostname="ATMECSINLT-087" failures="0" tests="4" name="Default test" time="30.613" errors="0" timestamp="08 Nov 2019 15:04:55 GMT">
  <testcase classname="com.tutorialsninja.TutorialsninjaAutomation.testscripts.TutorialsNinjaFunctionalityValidation" name="tutorialsNinjaHomePageValidation" time="0.049"/>
  <testcase classname="com.tutorialsninja.TutorialsninjaAutomation.testscripts.TutorialsNinjaFunctionalityValidation" name="tutorialsNinjaProductValidation" time="10.238"/>
  <testcase classname="com.tutorialsninja.TutorialsninjaAutomation.testscripts.TutorialsNinjaFunctionalityValidation" name="tutorialsNinjaProductValidation" time="8.175"/>
  <testcase classname="com.tutorialsninja.TutorialsninjaAutomation.testscripts.TutorialsNinjaFunctionalityValidation" name="cartValidation" time="2.713"/>
</testsuite> <!-- Default test -->
