-------------------------------------------------------------------------------
Test set: TestSuite
-------------------------------------------------------------------------------
Tests run: 6, Failures: 1, Errors: 0, Skipped: 0, Time elapsed: 63.082 s <<< FAILURE! - in TestSuite
merchandiseFunctionality(com.tutorialsninja.TutorialsninjaAutomation.testscripts.HeatClinicFuctionalityTesting)  Time elapsed: 30.541 s  <<< FAILURE!
java.lang.AssertionError: expected [$44.97] but found [$14.99]
	at com.tutorialsninja.TutorialsninjaAutomation.testscripts.HeatClinicFuctionalityTesting.merchandiseFunctionality(HeatClinicFuctionalityTesting.java:66)

