<?xml version="1.0" encoding="UTF-8"?>
<testsuite xmlns:xsi="http://www.w3.org/2001/XMLSchema-instance" xsi:noNamespaceSchemaLocation="https://maven.apache.org/surefire/maven-surefire-plugin/xsd/surefire-test-report-3.0.xsd" version="3.0" name="TestSuite" time="63.082" tests="6" errors="0" skipped="0" failures="1">
  <properties>
[...]
</properties>
  <testcase name="headerRedirectionValidation" classname="com.tutorialsninja.TutorialsninjaAutomation.testscripts.HeatClinicFuctionalityTesting" time="1.291"/>
  <testcase name="headerRedirectionValidation" classname="com.tutorialsninja.TutorialsninjaAutomation.testscripts.HeatClinicFuctionalityTesting" time="1.128"/>
  <testcase name="headerRedirectionValidation" classname="com.tutorialsninja.TutorialsninjaAutomation.testscripts.HeatClinicFuctionalityTesting" time="0.786"/>
  <testcase name="headerRedirectionValidation" classname="com.tutorialsninja.TutorialsninjaAutomation.testscripts.HeatClinicFuctionalityTesting" time="0.928"/>
  <testcase name="headerRedirectionValidation" classname="com.tutorialsninja.TutorialsninjaAutomation.testscripts.HeatClinicFuctionalityTesting" time="0.759"/>
  <testcase name="merchandiseFunctionality" classname="com.tutorialsninja.TutorialsninjaAutomation.testscripts.HeatClinicFuctionalityTesting" time="30.541">
    <failure message="expected [$44.97] but found [$14.99]" type="java.lang.AssertionError">java.lang.AssertionError: expected [$44.97] but found [$14.99]
	at com.tutorialsninja.TutorialsninjaAutomation.testscripts.HeatClinicFuctionalityTesting.merchandiseFunctionality(HeatClinicFuctionalityTesting.java:66)
</failure>
    <system-out><![CDATA[11-08-2019 20:06:37 LogReport.java INFO  [main] reports.LogReport 33 - Validation pass:ViewingMens and ViewingMens match
11-08-2019 20:06:37 LogReport.java INFO  [main] reports.LogReport 33 - Viewing Mens is succefully validate
11-08-2019 20:06:37 LogReport.java INFO  [main] reports.LogReport 33 - Shirt is selected
11-08-2019 20:06:37 LogReport.java INFO  [main] reports.LogReport 33 - Shirt colour is selected
11-08-2019 20:06:38 LogReport.java INFO  [main] reports.LogReport 33 - Shirt size is selected
11-08-2019 20:06:38 LogReport.java INFO  [main] reports.LogReport 33 - Shirt personalized message is given
11-08-2019 20:06:38 LogReport.java INFO  [main] reports.LogReport 33 - buy now is clicked
11-08-2019 20:06:39 LogReport.java INFO  [main] reports.LogReport 33 - view cart is clicked
11-08-2019 20:07:05 LogReport.java INFO  [main] reports.LogReport 33 - Validation pass:Hawt Like a Habanero Shirt (Men's) and Hawt Like a Habanero Shirt (Men's) match
11-08-2019 20:07:05 LogReport.java INFO  [main] reports.LogReport 33 - Validation pass:Shirt Size: M and Shirt Size: M match
11-08-2019 20:07:05 LogReport.java INFO  [main] reports.LogReport 33 - Validation pass:Shirt Color: Red and Shirt Color: Red match
11-08-2019 20:07:05 LogReport.java INFO  [main] reports.LogReport 33 - Validation pass:Personalized Name: arjun and Personalized Name: arjun match
11-08-2019 20:07:05 LogReport.java INFO  [main] reports.LogReport 33 - total price validation
11-08-2019 20:07:06 LogReport.java INFO  [main] reports.LogReport 33 - Validation pass:$14.99 and $14.99 match
11-08-2019 20:07:06 LogReport.java INFO  [main] reports.LogReport 33 - Update the quatity
]]></system-out>
  </testcase>
</testsuite>